MongoDB URI: mongodb+srv://zzdragon14:long0910@cluster0.wj2zgu0.mongodb.net/
DB Name: bic_insurance
[GIN-debug] [WARNING] Creating an Engine instance with the Logger and Recovery middleware already attached.

[GIN-debug] [WARNING] Running in "debug" mode. Switch to "release" mode in production.
 - using env:	export GIN_MODE=release
 - using code:	gin.SetMode(gin.ReleaseMode)

[GIN-debug] POST   /register                 --> main.main.RegisterUserMongo.func6 (4 handlers)
[GIN-debug] POST   /login                    --> main.main.LoginUserMongo.func7 (4 handlers)
[GIN-debug] POST   /api/register             --> main.main.RegisterUserMongo.func8 (4 handlers)
[GIN-debug] POST   /api/login                --> main.main.LoginUserMongo.func9 (4 handlers)
[GIN-debug] GET    /api/user                 --> main.main.GetUserInfoMongo.func11 (5 handlers)
[GIN-debug] POST   /api/user/change-password --> main.main.ChangePasswordMongo.func12 (5 handlers)
[GIN-debug] GET    /api/invoice-detail/:id   --> main.main.GetInvoiceDetailUserMongo.func13 (5 handlers)
[GIN-debug] GET    /api/products             --> main.main.GetProductsMongo.func14 (5 handlers)
[GIN-debug] GET    /api/products/:id         --> main.main.GetProductMongo.func15 (5 handlers)
[GIN-debug] POST   /api/products             --> main.main.AddProductMongo.func16 (5 handlers)
[GIN-debug] PUT    /api/products/:id         --> main.main.UpdateProductMongo.func17 (5 handlers)
[GIN-debug] DELETE /api/products/:id         --> main.main.DeleteProductMongo.func18 (5 handlers)
[GIN-debug] GET    /api/categories           --> main.main.GetCategoriesMongo.func19 (5 handlers)
[GIN-debug] GET    /api/categories/:id       --> main.main.GetCategoryMongo.func20 (5 handlers)
[GIN-debug] POST   /api/categories           --> main.main.AddCategoryMongo.func21 (5 handlers)
[GIN-debug] PUT    /api/categories/:id       --> main.main.UpdateCategoryMongo.func22 (5 handlers)
[GIN-debug] DELETE /api/categories/:id       --> main.main.DeleteCategoryMongo.func23 (5 handlers)
[GIN-debug] POST   /api/posts                --> main.main.AddPostMongo.func24 (5 handlers)
[GIN-debug] PUT    /api/posts/:id            --> main.main.UpdatePostMongo.func25 (5 handlers)
[GIN-debug] GET    /api/my-invoices          --> main.main.GetMyInvoicesMongo.func26 (5 handlers)
[GIN-debug] GET    /api/cart                 --> main.main.GetCartMongo.func27 (5 handlers)
[GIN-debug] DELETE /api/cart/:invoice_id     --> main.main.DeleteCartInvoiceMongo.func28 (5 handlers)
[GIN-debug] POST   /api/payment/create       --> main.main.CreateStripeCheckoutMongo.func29 (5 handlers)
[GIN-debug] POST   /api/payment/stripe/webhook --> main.main.StripeWebhookMongo.func30 (5 handlers)
[GIN-debug] GET    /api/payment/stripe/return --> main.main.StripeReturnMongo.func31 (4 handlers)
[GIN-debug] POST   /api/insurance_car_owner/create_invoice --> main.main.CreateInvoice.func33 (5 handlers)
[GIN-debug] POST   /api/insurance_car_owner/create_car_insurance_form --> main.main.CreateCarInsuranceForm.func34 (5 handlers)
[GIN-debug] POST   /api/insurance_car_owner/create_customer_registration --> main.main.CreateCustomerRegistration.func35 (5 handlers)
[GIN-debug] POST   /api/insurance_car_owner/confirm_purchase --> main.main.ConfirmPurchase.func36 (5 handlers)
[GIN-debug] POST   /api/insurance_car_owner/create_vehicle_insurance_form --> main.main.CreateVehicleInsuranceForm.func37 (5 handlers)
[GIN-debug] POST   /api/insurance_motorbike_owner/create_invoice --> main.main.CreateInvoice.func39 (5 handlers)
[GIN-debug] POST   /api/insurance_motorbike_owner/create_motorbike_insurance_form --> main.main.CreateMotorbikeInsuranceForm.func40 (5 handlers)
[GIN-debug] POST   /api/insurance_motorbike_owner/create_customer_registration --> main.main.CreateCustomerRegistration.func41 (5 handlers)
[GIN-debug] POST   /api/insurance_motorbike_owner/confirm_purchase --> main.main.ConfirmPurchase.func42 (5 handlers)
[GIN-debug] POST   /api/insurance_cancer/create_invoice --> main.main.CreateInvoice.func44 (5 handlers)
[GIN-debug] POST   /api/insurance_cancer/create_insurance_participant_info --> main.main.CreateInsuranceParticipantInfo.func45 (5 handlers)
[GIN-debug] POST   /api/insurance_cancer/create_customer_registration --> main.main.CreateCustomerRegistration.func46 (5 handlers)
[GIN-debug] POST   /api/insurance_cancer/confirm_purchase --> main.main.ConfirmPurchase.func47 (5 handlers)
[GIN-debug] POST   /api/insurance_personal/create_invoice --> main.main.CreateInvoice.func49 (5 handlers)
[GIN-debug] POST   /api/insurance_personal/create_personal_insurance_form --> main.main.CreatePersonalInsuranceForm.func50 (5 handlers)
[GIN-debug] POST   /api/insurance_personal/create_customer_registration --> main.main.CreateCustomerRegistration.func51 (5 handlers)
[GIN-debug] POST   /api/insurance_personal/confirm_purchase --> main.main.ConfirmPurchase.func52 (5 handlers)
[GIN-debug] POST   /api/insurance_travel/create_travel_invoice --> main.main.CreateTravelInsuranceInvoice.func54 (5 handlers)
[GIN-debug] POST   /api/insurance_travel/create_customer_registration --> main.main.CreateCustomerRegistration.func55 (5 handlers)
[GIN-debug] POST   /api/insurance_travel/update_invoice_customer --> main.main.UpdateTravelInvoiceCustomer.func56 (5 handlers)
[GIN-debug] POST   /api/insurance_accident/create_accident --> main.main.CreateAccidentInsuranceInvoice.func58 (5 handlers)
[GIN-debug] POST   /api/insurance_accident/create_personal_form --> main.main.CreatePersonalInsuranceForm.func59 (5 handlers)
[GIN-debug] POST   /api/insurance_accident/create_customer_registration --> main.main.CreateCustomerRegistration.func60 (5 handlers)
[GIN-debug] POST   /api/insurance_accident/update_invoice_customer --> main.main.UpdateInvoiceCustomer.func61 (5 handlers)
[GIN-debug] POST   /api/insurance_accident/confirm_purchase --> main.main.ConfirmPurchase.func62 (5 handlers)
[GIN-debug] POST   /api/insurance_home/create_home_invoice --> main.main.CreateHomeInsuranceInvoice.func64 (5 handlers)
[GIN-debug] POST   /api/insurance_home/create_customer_registration --> main.main.CreateCustomerRegistration.func65 (5 handlers)
[GIN-debug] POST   /api/insurance_home/update_invoice_customer --> main.main.UpdateHomeInvoiceCustomer.func66 (5 handlers)
[GIN-debug] GET    /api/admin/dashboard/stats --> main.main.AdminGetDashboardStats.func68 (5 handlers)
[GIN-debug] GET    /api/admin/dashboard/revenue-by-month --> main.main.AdminGetRevenueByMonth.func69 (5 handlers)
[GIN-debug] GET    /api/admin/dashboard/orders-by-product --> main.main.AdminGetOrdersByProduct.func70 (5 handlers)
[GIN-debug] GET    /api/admin/statistics/monthly --> main.main.AdminGetMonthlyStatistics.func71 (5 handlers)
[GIN-debug] GET    /api/admin/statistics/products --> main.main.AdminGetProductStatistics.func72 (5 handlers)
[GIN-debug] GET    /api/admin/all-invoices   --> main.main.AdminSelectAllInvoices.func73 (5 handlers)
[GIN-debug] GET    /api/admin/invoice-detail --> main.main.AdminGetInvoiceDetail.func74 (5 handlers)
[GIN-debug] GET    /api/admin/orders/:id     --> main.main.AdminGetOrderDetail.func75 (5 handlers)
[GIN-debug] PUT    /api/admin/orders/:id/status --> main.main.AdminUpdateOrderStatus.func76 (5 handlers)
[GIN-debug] DELETE /api/admin/orders/:id     --> main.main.AdminDeleteOrder.func77 (5 handlers)
[GIN-debug] PUT    /api/admin/invoice/:id/status --> main.main.AdminUpdateInvoiceStatus.func78 (5 handlers)
[GIN-debug] PUT    /api/admin/invoice/:id/revert-status --> main.main.AdminRevertInvoiceStatus.func79 (5 handlers)
[GIN-debug] DELETE /api/admin/invoice/:id    --> main.main.AdminDeleteInvoice.func80 (5 handlers)
[GIN-debug] DELETE /api/admin/travel-invoice/:id --> main.main.AdminDeleteTravelInvoice.func81 (5 handlers)
[GIN-debug] PUT    /api/admin/travel-invoice/:id/status --> main.main.AdminUpdateTravelInvoiceStatus.func82 (5 handlers)
[GIN-debug] DELETE /api/admin/home-invoice/:id --> main.main.AdminDeleteHomeInvoice.func83 (5 handlers)
[GIN-debug] PUT    /api/admin/home-invoice/:id/status --> main.main.AdminUpdateHomeInvoiceStatus.func84 (5 handlers)
[GIN-debug] GET    /api/admin/users          --> main.main.AdminGetAllUsers.func85 (5 handlers)
[GIN-debug] GET    /api/admin/users/:id      --> main.main.AdminGetUserDetail.func86 (5 handlers)
[GIN-debug] PUT    /api/admin/users/:id      --> main.main.AdminUpdateUser.func87 (5 handlers)
[GIN-debug] DELETE /api/admin/users/:id      --> main.main.AdminDeleteUser.func88 (5 handlers)
[GIN-debug] GET    /api/admin/products       --> main.main.AdminGetAllProducts.func89 (5 handlers)
[GIN-debug] GET    /api/admin/products/:id   --> main.main.AdminGetProductDetail.func90 (5 handlers)
[GIN-debug] POST   /api/admin/products       --> main.main.AdminCreateProduct.func91 (5 handlers)
[GIN-debug] PUT    /api/admin/products/:id   --> main.main.AdminUpdateProduct.func92 (5 handlers)
[GIN-debug] DELETE /api/admin/products/:id   --> main.main.AdminDeleteProduct.func93 (5 handlers)
[GIN-debug] GET    /api/admin/product-statistics --> main.main.AdminProductStatistics.func94 (5 handlers)
[GIN-debug] GET    /api/admin/search-customers-by-date --> main.main.AdminSearchCustomersByDate.func95 (5 handlers)
[GIN-debug] GET    /debug-users              --> main.main.func2 (4 handlers)
[GIN-debug] GET    /debug-products           --> main.main.func3 (4 handlers)
[GIN-debug] GET    /debug-invoices           --> main.main.func4 (4 handlers)
[GIN-debug] [WARNING] You trusted all proxies, this is NOT safe. We recommend you to set a value.
Please check https://pkg.go.dev/github.com/gin-gonic/gin#readme-don-t-trust-all-proxies for details.
[GIN-debug] Listening and serving HTTP on :5000
